2024-02-21 09:42:31,178:WARNING:
'cuml' is a soft dependency and not included in the pycaret installation. Please run: `pip install cuml` to install.
2024-02-21 09:42:31,178:WARNING:
'cuml' is a soft dependency and not included in the pycaret installation. Please run: `pip install cuml` to install.
2024-02-21 09:42:31,179:WARNING:
'cuml' is a soft dependency and not included in the pycaret installation. Please run: `pip install cuml` to install.
2024-02-21 09:42:31,179:WARNING:
'cuml' is a soft dependency and not included in the pycaret installation. Please run: `pip install cuml` to install.
2024-02-21 10:49:25,014:WARNING:
'cuml' is a soft dependency and not included in the pycaret installation. Please run: `pip install cuml` to install.
2024-02-21 10:49:25,015:WARNING:
'cuml' is a soft dependency and not included in the pycaret installation. Please run: `pip install cuml` to install.
2024-02-21 10:49:25,016:WARNING:
'cuml' is a soft dependency and not included in the pycaret installation. Please run: `pip install cuml` to install.
2024-02-21 10:49:25,016:WARNING:
'cuml' is a soft dependency and not included in the pycaret installation. Please run: `pip install cuml` to install.
2024-02-21 11:23:18,131:WARNING:
'cuml' is a soft dependency and not included in the pycaret installation. Please run: `pip install cuml` to install.
2024-02-21 11:23:18,131:WARNING:
'cuml' is a soft dependency and not included in the pycaret installation. Please run: `pip install cuml` to install.
2024-02-21 11:23:18,131:WARNING:
'cuml' is a soft dependency and not included in the pycaret installation. Please run: `pip install cuml` to install.
2024-02-21 11:23:18,131:WARNING:
'cuml' is a soft dependency and not included in the pycaret installation. Please run: `pip install cuml` to install.
2024-02-21 11:24:24,768:WARNING:/home/vscode/.local/lib/python3.11/site-packages/ydata_profiling/model/correlations.py:66: UserWarning: There was an attempt to calculate the auto correlation, but this failed.
To hide this warning, disable the calculation
(using `df.profile_report(correlations={"auto": {"calculate": False}})`
If this is problematic for your use case, please report this as an issue:
https://github.com/ydataai/ydata-profiling/issues
(include the error message: 'Function <code object pandas_auto_compute at 0x7f46a2352cc0, file "/home/vscode/.local/lib/python3.11/site-packages/ydata_profiling/model/pandas/correlations_pandas.py", line 164>')
  warnings.warn(

